#
# There is insufficient memory for the Java Runtime Environment to continue.
# Native memory allocation (malloc) failed to allocate 1048576 bytes for AllocateHeap
# Possible reasons:
#   The system is out of physical RAM or swap space
#   The process is running with CompressedOops enabled, and the Java Heap may be blocking the growth of the native heap
# Possible solutions:
#   Reduce memory load on the system
#   Increase physical memory or swap space
#   Check if swap backing store is full
#   Decrease Java heap size (-Xmx/-Xms)
#   Decrease number of Java threads
#   Decrease Java thread stack sizes (-Xss)
#   Set larger code cache with -XX:ReservedCodeCacheSize=
# This output file may be truncated or incomplete.
#
#  Out of Memory Error (./open/src/hotspot/share/memory/allocation.cpp:46), pid=2712, tid=3408
#
# JRE version:  (11.0.13+10) (build )
# Java VM: Java HotSpot(TM) 64-Bit Server VM (11.0.13+10-LTS-370, mixed mode, sharing, tiered, compressed oops, g1 gc, windows-amd64)
# No core dump will be written. Minidumps are not enabled by default on client versions of Windows
#

---------------  S U M M A R Y ------------

Command Line: -Dmaven.multiModuleProjectDirectory=C:\cygwin64\home\sfjbs\practice\Day1\group6\Hariprasad\HospitalManagement -Dmaven.home=C:\Program Files\JetBrains\IntelliJ IDEA Community Edition 2021.3.3\plugins\maven\lib\maven3 -Dclassworlds.conf=C:\Program Files\JetBrains\IntelliJ IDEA Community Edition 2021.3.3\plugins\maven\lib\maven3\bin\m2.conf -Dmaven.ext.class.path=C:\Program Files\JetBrains\IntelliJ IDEA Community Edition 2021.3.3\plugins\maven\lib\maven-event-listener.jar -javaagent:C:\Program Files\JetBrains\IntelliJ IDEA Community Edition 2021.3.3\lib\idea_rt.jar=50662:C:\Program Files\JetBrains\IntelliJ IDEA Community Edition 2021.3.3\bin -Dfile.encoding=UTF-8 org.codehaus.classworlds.Launcher -Didea.version=2021.3.3 clean

Host: Intel(R) Xeon(R) Platinum 8272CL CPU @ 2.60GHz, 2 cores, 7G,  Windows 10 , 64 bit Build 19041 (10.0.19041.1741)
Time: Mon Jun 20 09:14:31 2022 Coordinated Universal Time elapsed time: 0.029995 seconds (0d 0h 0m 0s)

---------------  T H R E A D  ---------------

Current thread (0x00000177c135b000):  JavaThread "Unknown thread" [_thread_in_vm, id=3408, stack(0x0000001cd5300000,0x0000001cd5400000)]

Stack: [0x0000001cd5300000,0x0000001cd5400000]
Native frames: (J=compiled Java code, j=interpreted, Vv=VM code, C=native code)
V  [jvm.dll+0x62870a]
V  [jvm.dll+0x761f2f]
V  [jvm.dll+0x7635d9]
V  [jvm.dll+0x763c63]
V  [jvm.dll+0x23d728]
V  [jvm.dll+0xb13b4]
V  [jvm.dll+0x2d6912]
V  [jvm.dll+0x2d0b69]
V  [jvm.dll+0x73c547]
V  [jvm.dll+0x73dddf]
V  [jvm.dll+0x346369]
V  [jvm.dll+0x721e60]
V  [jvm.dll+0x3b500f]
V  [jvm.dll+0x3b7121]
C  [jli.dll+0x5207]
C  [ucrtbase.dll+0x21bb2]
C  [KERNEL32.DLL+0x17034]
C  [ntdll.dll+0x52651]


---------------  P R O C E S S  ---------------

Threads class SMR info:
_java_thread_list=0x00000177bf131210, length=0, elements={
}

Java Threads: ( => current thread )

Other Threads:
  0x00000177c1370000 GCTaskThread "GC Thread#0" [stack: 0x0000001cd5400000,0x0000001cd5500000] [id=7204]

[error occurred during error reporting (printing all threads), id 0xc0000005, EXCEPTION_ACCESS_VIOLATION (0xc0000005) at pc=0x00007ffd2102bed0]

VM state:not at safepoint (not fully initialized)

VM Mutex/Monitor currently owned by a thread:  ([mutex/lock_event])
[0x00000177c13585d0] Heap_lock - owner thread: 0x00000177c135b000

Heap address: 0x0000000080000000, size: 2048 MB, Compressed Oops mode: Non-zero based: 0x0000000080000000
Narrow klass base: 0x0000000000000000, Narrow klass shift: 0

GC Heap History (0 events):
No events

Deoptimization events (0 events):
No events

Classes redefined (0 events):
No events

Internal exceptions (0 events):
No events

Events (0 events):
No events


Dynamic libraries:
0x00007ff692fc0000 - 0x00007ff692fcf000 	C:\Program Files\Java\jdk-11.0.13\bin\java.exe
0x00007ffd4ae30000 - 0x00007ffd4b027000 	C:\Windows\SYSTEM32\ntdll.dll
0x00007ffd491f0000 - 0x00007ffd492ad000 	C:\Windows\System32\KERNEL32.DLL
0x00007ffd488d0000 - 0x00007ffd48b9d000 	C:\Windows\System32\KERNELBASE.dll
0x00007ffd48d90000 - 0x00007ffd48e90000 	C:\Windows\System32\ucrtbase.dll
0x00007ffd36860000 - 0x00007ffd36875000 	C:\Program Files\Java\jdk-11.0.13\bin\VCRUNTIME140.dll
0x00007ffd36840000 - 0x00007ffd36858000 	C:\Program Files\Java\jdk-11.0.13\bin\jli.dll
0x00007ffd49140000 - 0x00007ffd491ee000 	C:\Windows\System32\ADVAPI32.dll
0x00007ffd4ad50000 - 0x00007ffd4adee000 	C:\Windows\System32\msvcrt.dll
0x00007ffd49b60000 - 0x00007ffd49bfc000 	C:\Windows\System32\sechost.dll
0x00007ffd49450000 - 0x00007ffd49575000 	C:\Windows\System32\RPCRT4.dll
0x00007ffd492b0000 - 0x00007ffd49450000 	C:\Windows\System32\USER32.dll
0x00007ffd48d60000 - 0x00007ffd48d82000 	C:\Windows\System32\win32u.dll
0x00007ffd49110000 - 0x00007ffd4913a000 	C:\Windows\System32\GDI32.dll
0x00007ffd48c50000 - 0x00007ffd48d5b000 	C:\Windows\System32\gdi32full.dll
0x00007ffd486b0000 - 0x00007ffd4874d000 	C:\Windows\System32\msvcp_win.dll
0x00007ffd32800000 - 0x00007ffd32a9a000 	C:\Windows\WinSxS\amd64_microsoft.windows.common-controls_6595b64144ccf1df_6.0.19041.1110_none_60b5254171f9507e\COMCTL32.dll
0x00007ffd3f660000 - 0x00007ffd3f66a000 	C:\Windows\SYSTEM32\VERSION.dll
0x00007ffd49c10000 - 0x00007ffd49c40000 	C:\Windows\System32\IMM32.DLL
0x00007ffd36750000 - 0x00007ffd367eb000 	C:\Program Files\Java\jdk-11.0.13\bin\msvcp140.dll
0x00007ffd20d50000 - 0x00007ffd21863000 	C:\Program Files\Java\jdk-11.0.13\bin\server\jvm.dll
0x00007ffd49c00000 - 0x00007ffd49c08000 	C:\Windows\System32\PSAPI.DLL
0x00007ffd36880000 - 0x00007ffd36889000 	C:\Windows\SYSTEM32\WSOCK32.dll
0x00007ffd498f0000 - 0x00007ffd4995b000 	C:\Windows\System32\WS2_32.dll
0x00007ffd2f7e0000 - 0x00007ffd2f807000 	C:\Windows\SYSTEM32\WINMM.dll
0x00007ffd46430000 - 0x00007ffd46442000 	C:\Windows\SYSTEM32\kernel.appcore.dll
0x00007ffd36830000 - 0x00007ffd36840000 	C:\Program Files\Java\jdk-11.0.13\bin\verify.dll
0x00007ffd41000000 - 0x00007ffd411e4000 	C:\Windows\SYSTEM32\DBGHELP.DLL
0x00007ffd40fd0000 - 0x00007ffd40ffc000 	C:\Windows\SYSTEM32\dbgcore.DLL
0x00007ffd487f0000 - 0x00007ffd48872000 	C:\Windows\System32\bcryptPrimitives.dll
0x00007ffd35cc0000 - 0x00007ffd35ce8000 	C:\Program Files\Java\jdk-11.0.13\bin\java.dll
0x00007ffd36820000 - 0x00007ffd3682a000 	C:\Program Files\Java\jdk-11.0.13\bin\jimage.dll
0x00007ffd36570000 - 0x00007ffd3657e000 	C:\Program Files\Java\jdk-11.0.13\bin\instrument.dll
0x00007ffd342a0000 - 0x00007ffd342b6000 	C:\Program Files\Java\jdk-11.0.13\bin\zip.dll

dbghelp: loaded successfully - version: 4.0.5 - missing functions: none
symbol engine: initialized successfully - sym options: 0x614 - pdb path: .;C:\Program Files\Java\jdk-11.0.13\bin;C:\Windows\SYSTEM32;C:\Windows\WinSxS\amd64_microsoft.windows.common-controls_6595b64144ccf1df_6.0.19041.1110_none_60b5254171f9507e;C:\Program Files\Java\jdk-11.0.13\bin\server

VM Arguments:
jvm_args: -Dmaven.multiModuleProjectDirectory=C:\cygwin64\home\sfjbs\practice\Day1\group6\Hariprasad\HospitalManagement -Dmaven.home=C:\Program Files\JetBrains\IntelliJ IDEA Community Edition 2021.3.3\plugins\maven\lib\maven3 -Dclassworlds.conf=C:\Program Files\JetBrains\IntelliJ IDEA Community Edition 2021.3.3\plugins\maven\lib\maven3\bin\m2.conf -Dmaven.ext.class.path=C:\Program Files\JetBrains\IntelliJ IDEA Community Edition 2021.3.3\plugins\maven\lib\maven-event-listener.jar -javaagent:C:\Program Files\JetBrains\IntelliJ IDEA Community Edition 2021.3.3\lib\idea_rt.jar=50662:C:\Program Files\JetBrains\IntelliJ IDEA Community Edition 2021.3.3\bin -Dfile.encoding=UTF-8 
java_command: org.codehaus.classworlds.Launcher -Didea.version=2021.3.3 clean
java_class_path (initial): C:\Program Files\JetBrains\IntelliJ IDEA Community Edition 2021.3.3\plugins\maven\lib\maven3\boot\plexus-classworlds-2.6.0.jar;C:\Program Files\JetBrains\IntelliJ IDEA Community Edition 2021.3.3\plugins\maven\lib\maven3\boot\plexus-classworlds.license
Launcher Type: SUN_STANDARD

[Global flags]
     intx CICompilerCount                          = 2                                         {product} {ergonomic}
     uint ConcGCThreads                            = 1                                         {product} {ergonomic}
     uint G1ConcRefinementThreads                  = 2                                         {product} {ergonomic}
   size_t G1HeapRegionSize                         = 1048576                                   {product} {ergonomic}
    uintx GCDrainStackTargetSize                   = 64                                        {product} {ergonomic}
   size_t InitialHeapSize                          = 134217728                                 {product} {ergonomic}
   size_t MarkStackSize                            = 4194304                                   {product} {ergonomic}
   size_t MaxHeapSize                              = 2147483648                                {product} {ergonomic}
   size_t MinHeapDeltaBytes                        = 1048576                                   {product} {ergonomic}
    uintx NonNMethodCodeHeapSize                   = 5825164                                {pd product} {ergonomic}
    uintx NonProfiledCodeHeapSize                  = 122916538                              {pd product} {ergonomic}
    uintx ProfiledCodeHeapSize                     = 122916538                              {pd product} {ergonomic}
    uintx ReservedCodeCacheSize                    = 251658240                              {pd product} {ergonomic}
     bool SegmentedCodeCache                       = true                                      {product} {ergonomic}
     bool UseCompressedClassPointers               = true                                 {lp64_product} {ergonomic}
     bool UseCompressedOops                        = true                                 {lp64_product} {ergonomic}
     bool UseG1GC                                  = true                                      {product} {ergonomic}
     bool UseLargePagesIndividualAllocation        = false                                  {pd product} {ergonomic}

Logging:
Log output configuration:
 #0: stdout all=warning uptime,level,tags
 #1: stderr all=off uptime,level,tags

Environment Variables:
PATH=C:\Program Files\Common Files\Oracle\Java\javapath;C:\Windows\system32;C:\Windows;C:\Windows\System32\Wbem;C:\Windows\System32\WindowsPowerShell\v1.0\;C:\Windows\System32\OpenSSH\;C:\Program Files\Docker\Docker\resources\bin;C:\ProgramData\DockerDesktop\version-bin;C:\Users\sfjbs\Downloads\javamicro-20220616T071247Z-001\javamicro\apache-maven-3.8.5-bin\apache-maven-3.8.5\bin;C:\Users\sfjbs\Downloads\javamicro-20220616T071247Z-001\javamicro\apache-maven-3.8.5-bin\apache-maven-3.8.5\lib;C:\Program Files\Git\cmd;C:\Users\sfjbs\AppData\Local\Microsoft\WindowsApps;C:\Users\sfjbs\Downloads\javamicro-20220616T071247Z-001\javamicro\apache-maven-3.8.5-bin\apache-maven-3.8.5\bin;C:\Users\sfjbs\Downloads\javamicro-20220616T071247Z-001\javamicro\apache-maven-3.8.5-bin\apache-maven-3.8.5\lib;C:\Program Files\JetBrains\IntelliJ IDEA Community Edition 2021.3.3\bin;;
USERNAME=sfjbs
OS=Windows_NT
PROCESSOR_IDENTIFIER=Intel64 Family 6 Model 85 Stepping 7, GenuineIntel



---------------  S Y S T E M  ---------------

OS: Windows 10 , 64 bit Build 19041 (10.0.19041.1741)
Hyper-V role detected

CPU:total 2 (initial active 2) (1 cores per cpu, 2 threads per core) family 6 model 85 stepping 7 microcode 0xffffffff, cmov, cx8, fxsr, mmx, sse, sse2, sse3, ssse3, sse4.1, sse4.2, popcnt, avx, avx2, aes, clmul, erms, rtm, 3dnowpref, lzcnt, ht, tsc, bmi1, bmi2, adx, evex, fma

Memory: 4k page, system-wide physical 8190M (802M free)
TotalPageFile size 10238M (AvailPageFile size 5M)
current process WorkingSet (physical memory assigned to process): 9M, peak: 9M
current process commit charge ("private bytes"): 46M, peak: 47M

vm_info: Java HotSpot(TM) 64-Bit Server VM (11.0.13+10-LTS-370) for windows-amd64 JRE (11.0.13+10-LTS-370), built on Sep 15 2021 22:10:36 by "mach5one" with MS VC++ 15.9 (VS2017)

END.
